<?xml version="1.0" encoding="UTF-8"?><testsuite errors="0" failures="4" name="in.co.gorest.gorestapiInfo.UserCRUDTest" skipped="0" tests="10" time="20.3" timestamp="2022-06-07T21:02:04.173+01:00[Europe/London]"><testcase classname="in.co.gorest.gorestapiInfo.UserCRUDTest" name="This will create a new User"/><testcase classname="in.co.gorest.gorestapiInfo.UserCRUDTest" name="This will Fetch user by ID"/><testcase classname="in.co.gorest.gorestapiInfo.UserCRUDTest" name="This will Fetch user by ID"/><testcase classname="in.co.gorest.gorestapiInfo.UserCRUDTest" name="This will Delete user by ID"/><testcase classname="in.co.gorest.gorestapiInfo.UserCRUDTest" name="1. This will Verify if Total record is 20"/><testcase classname="in.co.gorest.gorestapiInfo.UserCRUDTest" name="2.id 3838 has name =Chaturbhuj Nehru DVM"><failure message="expected:&lt;Chaturbhuj Nehru DVM&gt; but was:&lt;[]&gt;" type="java.lang.AssertionError">expected:&lt;Chaturbhuj Nehru DVM&gt; but was:&lt;[]&gt;</failure><system-err>expected:&lt;Chaturbhuj Nehru DVM&gt; but was:&lt;[]&gt;&#13;
in.co.gorest.gorestapiInfo.UserCRUDTest.test006(UserCRUDTest.java:81)&#13;
</system-err></testcase><testcase classname="in.co.gorest.gorestapiInfo.UserCRUDTest" name="3. id 3838 has email =dvm_chaturbhuj_nehru@pagac.name"><failure message="expected:&lt;dvm_chaturbhuj_nehru@pagac.name&gt; but was:&lt;[]&gt;" type="java.lang.AssertionError">expected:&lt;dvm_chaturbhuj_nehru@pagac.name&gt; but was:&lt;[]&gt;</failure><system-err>expected:&lt;dvm_chaturbhuj_nehru@pagac.name&gt; but was:&lt;[]&gt;&#13;
in.co.gorest.gorestapiInfo.UserCRUDTest.test007(UserCRUDTest.java:89)&#13;
</system-err></testcase><testcase classname="in.co.gorest.gorestapiInfo.UserCRUDTest" name="4.All ID has status =active"/><testcase classname="in.co.gorest.gorestapiInfo.UserCRUDTest" name="5.id 3829 has gender =female"><failure message="expected:&lt;female&gt; but was:&lt;[]&gt;" type="java.lang.AssertionError">expected:&lt;female&gt; but was:&lt;[]&gt;</failure><system-err>expected:&lt;female&gt; but was:&lt;[]&gt;&#13;
in.co.gorest.gorestapiInfo.UserCRUDTest.test009(UserCRUDTest.java:109)&#13;
</system-err></testcase><testcase classname="in.co.gorest.gorestapiInfo.UserCRUDTest" name="6.id 3819 has gender =male"><failure message="expected:&lt;male&gt; but was:&lt;[]&gt;" type="java.lang.AssertionError">expected:&lt;male&gt; but was:&lt;[]&gt;</failure><system-err>expected:&lt;male&gt; but was:&lt;[]&gt;&#13;
in.co.gorest.gorestapiInfo.UserCRUDTest.test010(UserCRUDTest.java:116)&#13;
</system-err></testcase></testsuite>